<?xml version="1.0" encoding="UTF-8"?>
<!-- Generated by org.testng.reporters.JUnitReportReporter -->
<testsuite hostname="RCR-PF2T9VXJ" failures="0" tests="1" name="PilotMobileAutomation.ASBMobileTesting.AppiumTest" time="8.961" errors="0" timestamp="2023-03-07T20:54:29 CST" skipped="0">
  <testcase classname="PilotMobileAutomation.ASBMobileTesting.AppiumTest" name="ConfigureAppium" time="8.961"/>
  <system-out/>
</testsuite> <!-- PilotMobileAutomation.ASBMobileTesting.AppiumTest -->
