<?xml version="1.0" encoding="UTF-8"?>
<!-- Generated by org.testng.reporters.JUnitReportReporter -->
<testsuite hostname="RCR-PF2T9VXJ" failures="0" tests="2" name="PilotMobileAutomation.ASBMobileTesting.ViewTransfersPage" time="8.633" errors="0" timestamp="2023-03-27T16:23:09 CDT" skipped="0">
  <testcase classname="PilotMobileAutomation.ASBMobileTesting.ViewTransfersPage" name="VerifyLogin" time="2.202"/>
  <system-out/>
  <testcase classname="PilotMobileAutomation.ASBMobileTesting.ViewTransfersPage" name="TransferMoneyPage" time="6.431"/>
  <system-out/>
</testsuite> <!-- PilotMobileAutomation.ASBMobileTesting.ViewTransfersPage -->
