<?xml version="1.0" encoding="UTF-8"?>
<!-- Generated by org.testng.reporters.JUnitReportReporter -->
<testsuite hostname="RCR-PF2T9VXJ" failures="0" tests="1" name="PilotMobileAutomation.ASBMobileTesting.LoginASB" time="2.340" errors="0" timestamp="2023-03-27T16:21:23 CDT" skipped="0">
  <testcase classname="PilotMobileAutomation.ASBMobileTesting.LoginASB" name="VerifyLogin" time="2.340"/>
  <system-out/>
</testsuite> <!-- PilotMobileAutomation.ASBMobileTesting.LoginASB -->
